0 49
1 63
2 60
3 37
4 5
5 21
6 49
7 41
8 34
9 41
10 60
11 54
12 31
13 24
14 38
15 26
16 38
17 9
18 10
19 35
20 22
21 15
22 22
23 17
24 9
25 6
26 6
27 21
28 21
29 11
30 4
31 4
32 4
33 2
34 0
35 3
36 0
37 2
38 2
39 2
40 1
41 1
42 0
43 0
44 2
45 4
46 0
47 0
48 1
49 0
50 0
51 0
52 1
53 0
54 0
55 0
56 2
57 0
58 0
59 4
60 1
61 0
62 0
63 0
64 1
65 2
66 0
67 2
68 77
69 1
70 0
71 70
72 5
73 11
74 4
75 5
76 0
77 0
78 1
79 86
80 0
81 1
82 0
83 2
84 1
85 5
86 4
87 3
88 0
89 1
90 0
91 1
92 1
93 1
94 1
95 0
96 0
97 0
98 0
99 0
100 0
101 0
102 0
103 0
104 0
105 0
106 0
107 0
108 0
109 0
110 0
111 0
112 0
113 0
114 0
115 0
116 0
117 0
118 0
119 0
120 0
121 0
122 0
123 0
124 0
125 0
126 0
127 0
